#
# There is insufficient memory for the Java Runtime Environment to continue.
# Native memory allocation (mmap) failed to map 65536 bytes. Error detail: Failed to commit metaspace.
# Possible reasons:
#   The system is out of physical RAM or swap space
#   This process is running with CompressedOops enabled, and the Java Heap may be blocking the growth of the native heap
# Possible solutions:
#   Reduce memory load on the system
#   Increase physical memory or swap space
#   Check if swap backing store is full
#   Decrease Java heap size (-Xmx/-Xms)
#   Decrease number of Java threads
#   Decrease Java thread stack sizes (-Xss)
#   Set larger code cache with -XX:ReservedCodeCacheSize=
#   JVM is running with Unscaled Compressed Oops mode in which the Java heap is
#     placed in the first 4GB address space. The Java Heap base address is the
#     maximum limit for the native heap growth. Please use -XX:HeapBaseMinAddress
#     to set the Java Heap base and to place the Java Heap above 4GB virtual address.
# This output file may be truncated or incomplete.
#
#  Out of Memory Error (virtualSpaceNode.cpp:113), pid=35732, tid=41480
#
# JRE version: OpenJDK Runtime Environment Temurin-21.0.7+6 (21.0.7+6) (build 21.0.7+6-LTS)
# Java VM: OpenJDK 64-Bit Server VM Temurin-21.0.7+6 (21.0.7+6-LTS, mixed mode, sharing, tiered, compressed oops, compressed class ptrs, parallel gc, windows-amd64)
# No core dump will be written. Minidumps are not enabled by default on client versions of Windows
#

---------------  S U M M A R Y ------------

Command Line: --add-modules=ALL-SYSTEM --add-opens=java.base/java.util=ALL-UNNAMED --add-opens=java.base/java.lang=ALL-UNNAMED --add-opens=java.base/sun.nio.fs=ALL-UNNAMED -Declipse.application=org.eclipse.jdt.ls.core.id1 -Dosgi.bundles.defaultStartLevel=4 -Declipse.product=org.eclipse.jdt.ls.core.product -Djava.import.generatesMetadataFilesAtProjectRoot=false -DDetectVMInstallationsJob.disabled=true -Dfile.encoding=utf8 -XX:+UseParallelGC -XX:GCTimeRatio=4 -XX:AdaptiveSizePolicyWeight=90 -Dsun.zip.disableMemoryMapping=true -Xmx1G -Xms100m -Xlog:disable -javaagent:c:\Users\Home\.vscode\extensions\redhat.java-1.42.0-win32-x64\lombok\lombok-1.18.36.jar -XX:+HeapDumpOnOutOfMemoryError -XX:HeapDumpPath=c:\Users\Home\AppData\Roaming\Code\User\workspaceStorage\341557dce31444f231fca8e247616c67\redhat.java -Daether.dependencyCollector.impl=bf c:\Users\Home\.vscode\extensions\redhat.java-1.42.0-win32-x64\server\plugins\org.eclipse.equinox.launcher_1.7.0.v20250424-1814.jar -configuration c:\Users\Home\AppData\Roaming\Code\User\globalStorage\redhat.java\1.42.0\config_win -data c:\Users\Home\AppData\Roaming\Code\User\workspaceStorage\341557dce31444f231fca8e247616c67\redhat.java\jdt_ws --pipe=\\.\pipe\lsp-8097c87e6ff6af97b205ca716dcf5a6c-sock

Host: Intel(R) Core(TM) i5-8250U CPU @ 1.60GHz, 8 cores, 7G,  Windows 11 , 64 bit Build 22621 (10.0.22621.5413)
Time: Wed Jun 18 15:02:01 2025 Sri Lanka Standard Time elapsed time: 76.376681 seconds (0d 0h 1m 16s)

---------------  T H R E A D  ---------------

Current thread (0x000001eb179efb10):  JavaThread "Worker-2: Loading available Gradle versions"        [_thread_in_vm, id=41480, stack(0x000000c328e00000,0x000000c328f00000) (1024K)]

Stack: [0x000000c328e00000,0x000000c328f00000]
Native frames: (J=compiled Java code, j=interpreted, Vv=VM code, C=native code)
V  [jvm.dll+0x6ce119]
V  [jvm.dll+0x8a84a1]
V  [jvm.dll+0x8aa9ce]
V  [jvm.dll+0x8ab0b3]
V  [jvm.dll+0x27f8a6]
V  [jvm.dll+0x8a41ee]
V  [jvm.dll+0x670575]
V  [jvm.dll+0x6705da]
V  [jvm.dll+0x672dc2]
V  [jvm.dll+0x672c92]
V  [jvm.dll+0x670f4e]
V  [jvm.dll+0x26a886]
V  [jvm.dll+0x216127]
V  [jvm.dll+0x20bbae]
V  [jvm.dll+0x5ae58c]
V  [jvm.dll+0x21d26a]
V  [jvm.dll+0x820d6c]
V  [jvm.dll+0x821d94]
V  [jvm.dll+0x822362]
V  [jvm.dll+0x821fe8]
V  [jvm.dll+0x26cf1b]
V  [jvm.dll+0x3d493e]
C  0x000001eac6219274

The last pc belongs to new (printed below).
Java frames: (J=compiled Java code, j=interpreted, Vv=VM code)
j  sun.security.ssl.SSLConfiguration.getSSLParameters()Ljavax/net/ssl/SSLParameters;+0 java.base@21.0.7
j  sun.security.ssl.SSLSocketImpl.getSSLParameters()Ljavax/net/ssl/SSLParameters;+14 java.base@21.0.7
j  sun.net.www.protocol.https.HttpsClient.afterConnect()V+141 java.base@21.0.7
j  sun.net.www.protocol.https.AbstractDelegateHttpsURLConnection.connect()V+51 java.base@21.0.7
j  sun.net.www.protocol.http.HttpURLConnection.getInputStream0()Ljava/io/InputStream;+216 java.base@21.0.7
j  sun.net.www.protocol.http.HttpURLConnection.getInputStream()Ljava/io/InputStream;+62 java.base@21.0.7
j  sun.net.www.protocol.https.HttpsURLConnectionImpl.getInputStream()Ljava/io/InputStream;+4 java.base@21.0.7
j  org.eclipse.buildship.core.internal.util.gradle.PublishedGradleVersions.downloadVersionInformation()Ljava/lang/String;+37
j  org.eclipse.buildship.core.internal.util.gradle.PublishedGradleVersions.tryToDownloadAndCacheVersions(Ljava/io/File;Lorg/eclipse/buildship/core/internal/util/gradle/PublishedGradleVersions$LookupStrategy;)Lorg/eclipse/buildship/core/internal/util/gradle/PublishedGradleVersions;+17
j  org.eclipse.buildship.core.internal.util.gradle.PublishedGradleVersions.create(Lorg/eclipse/buildship/core/internal/util/gradle/PublishedGradleVersions$LookupStrategy;)Lorg/eclipse/buildship/core/internal/util/gradle/PublishedGradleVersions;+56
j  org.eclipse.buildship.core.internal.util.gradle.PublishedGradleVersionsWrapper$LoadVersionsJob.run(Lorg/eclipse/core/runtime/IProgressMonitor;)Lorg/eclipse/core/runtime/IStatus;+3
j  org.eclipse.core.internal.jobs.Worker.run()V+32
v  ~StubRoutines::call_stub 0x000001eac620100d
new  187 new  [0x000001eac62190e0, 0x000001eac62192e8]  520 bytes
[MachCode]
  0x000001eac62190e0: 4883 ec08 | c5fa 1104 | 24eb 1f48 | 83ec 10c5 | fb11 0424 | eb14 4883 | ec10 4889 | 0424 48c7 
  0x000001eac6219100: 4424 0800 | 0000 00eb | 0150 410f | b755 010f | cac1 ea10 | 488b 4de8 | 488b 4908 | 488b 4908 
  0x000001eac6219120: 488b 4108 | 807c 1004 | 070f 85d3 | 0000 0066 | 8b54 d148 | 488b 4928 | 488b 4cd1 | 0851 80b9 
  0x000001eac6219140: 2101 0000 | 040f 85b6 | 0000 008b | 5108 f6c2 | 010f 85aa | 0000 0049 | 8b87 b801 | 0000 488d 
  0x000001eac6219160: 1c10 493b | 9fc8 0100 | 000f 8792 | 0000 0049 | 899f b801 | 0000 4883 | ea10 0f84 | 0f00 0000 
  0x000001eac6219180: 33c9 c1ea | 0348 894c | d008 48ff | ca75 f648 | c700 0100 | 0000 5933 | f689 700c | 49ba 0000 
  0x000001eac62191a0: 00d0 ea01 | 0000 492b | ca89 4808 | 49ba 3e5b | 0fae ff7f | 0000 4180 | 3a00 0f84 | 3c00 0000 
  0x000001eac62191c0: 5048 8bc8 | 4883 ec20 | 40f6 c40f | 0f84 1900 | 0000 4883 | ec08 48b8 | 904b b9ad | ff7f 0000 
  0x000001eac62191e0: ffd0 4883 | c408 e90c | 0000 0048 | b890 4bb9 | adff 7f00 | 00ff d048 | 83c4 2058 | e9cb 0000 
  0x000001eac6219200: 0059 488b | 55e8 488b | 5208 488b | 5208 450f | b745 0141 | 0fc8 41c1 | e810 e805 | 0000 00e9 
  0x000001eac6219220: a800 0000 | 488d 4424 | 084c 896d | c049 8bcf | c5f8 7749 | 89af a803 | 0000 4989 | 8798 0300 
  0x000001eac6219240: 0048 83ec | 2040 f6c4 | 0f0f 8419 | 0000 0048 | 83ec 0848 | b8f0 4883 | adff 7f00 | 00ff d048 
  0x000001eac6219260: 83c4 08e9 | 0c00 0000 | 48b8 f048 | 83ad ff7f | 0000 ffd0 | 4883 c420 | 49c7 8798 | 0300 0000 
  0x000001eac6219280: 0000 0049 | c787 a803 | 0000 0000 | 0000 49c7 | 87a0 0300 | 0000 0000 | 00c5 f877 | 4983 7f08 
  0x000001eac62192a0: 000f 8405 | 0000 00e9 | 547c feff | 498b 87f0 | 0300 0049 | c787 f003 | 0000 0000 | 0000 4c8b 
  0x000001eac62192c0: 6dc0 4c8b | 75c8 4e8d | 74f5 00c3 | 410f b65d | 0349 83c5 | 0349 bab0 | 2012 aeff | 7f00 0041 
  0x000001eac62192e0: ff24 da0f | 1f44 0000 
[/MachCode]

---------------  P R O C E S S  ---------------

Threads class SMR info:
_java_thread_list=0x000001eb1800e3d0, length=39, elements={
0x000001eab97192a0, 0x000001eacfe98400, 0x000001eabbb9cec0, 0x000001eacfe9a170,
0x000001eacfe9b120, 0x000001eacfea02e0, 0x000001eacfe9e210, 0x000001eacfec9300,
0x000001eb12890110, 0x000001eacfea0970, 0x000001eacfe9fc50, 0x000001eacfe9e8a0,
0x000001eacfe9db80, 0x000001eacfe9d4f0, 0x000001eacfe9ef30, 0x000001eacfe9f5c0,
0x000001eb179f4340, 0x000001eb179ef480, 0x000001eb179f1be0, 0x000001eb179f3cb0,
0x000001eb179efb10, 0x000001eb179ee760, 0x000001eb179f1550, 0x000001eb179eedf0,
0x000001eb179f0830, 0x000001eb179f2900, 0x000001eb179f2f90, 0x000001eb179f3620,
0x000001eb179f01a0, 0x000001eb179f0ec0, 0x000001eb179f49d0, 0x000001eb179eda40,
0x000001eb179f2270, 0x000001eb179f5060, 0x000001eb179ee0d0, 0x000001eb19b48690,
0x000001eb19b4d550, 0x000001eb19b4a760, 0x000001eb17746b00
}

Java Threads: ( => current thread )
  0x000001eab97192a0 JavaThread "main"                              [_thread_blocked, id=36884, stack(0x000000c327100000,0x000000c327200000) (1024K)]
  0x000001eacfe98400 JavaThread "Reference Handler"          daemon [_thread_blocked, id=24012, stack(0x000000c327500000,0x000000c327600000) (1024K)]
  0x000001eabbb9cec0 JavaThread "Finalizer"                  daemon [_thread_blocked, id=40196, stack(0x000000c327600000,0x000000c327700000) (1024K)]
  0x000001eacfe9a170 JavaThread "Signal Dispatcher"          daemon [_thread_blocked, id=37572, stack(0x000000c327700000,0x000000c327800000) (1024K)]
  0x000001eacfe9b120 JavaThread "Attach Listener"            daemon [_thread_blocked, id=21696, stack(0x000000c327800000,0x000000c327900000) (1024K)]
  0x000001eacfea02e0 JavaThread "Service Thread"             daemon [_thread_blocked, id=27744, stack(0x000000c327900000,0x000000c327a00000) (1024K)]
  0x000001eacfe9e210 JavaThread "Monitor Deflation Thread"   daemon [_thread_blocked, id=41524, stack(0x000000c327a00000,0x000000c327b00000) (1024K)]
  0x000001eacfec9300 JavaThread "C2 CompilerThread0"         daemon [_thread_in_native, id=39120, stack(0x000000c327b00000,0x000000c327c00000) (1024K)]
  0x000001eb12890110 JavaThread "C1 CompilerThread0"         daemon [_thread_blocked, id=34116, stack(0x000000c327c00000,0x000000c327d00000) (1024K)]
  0x000001eacfea0970 JavaThread "Common-Cleaner"             daemon [_thread_blocked, id=36144, stack(0x000000c327d00000,0x000000c327e00000) (1024K)]
  0x000001eacfe9fc50 JavaThread "Notification Thread"        daemon [_thread_blocked, id=38532, stack(0x000000c327e00000,0x000000c327f00000) (1024K)]
  0x000001eacfe9e8a0 JavaThread "Active Thread: Equinox Container: 9972d0bc-b0bd-4b38-ad7f-ee59b97232d1"        [_thread_blocked, id=41092, stack(0x000000c328500000,0x000000c328600000) (1024K)]
  0x000001eacfe9db80 JavaThread "Refresh Thread: Equinox Container: 9972d0bc-b0bd-4b38-ad7f-ee59b97232d1" daemon [_thread_blocked, id=14672, stack(0x000000c328600000,0x000000c328700000) (1024K)]
  0x000001eacfe9d4f0 JavaThread "Framework Event Dispatcher: Equinox Container: 9972d0bc-b0bd-4b38-ad7f-ee59b97232d1" daemon [_thread_blocked, id=42808, stack(0x000000c328800000,0x000000c328900000) (1024K)]
  0x000001eacfe9ef30 JavaThread "Start Level: Equinox Container: 9972d0bc-b0bd-4b38-ad7f-ee59b97232d1" daemon [_thread_blocked, id=42924, stack(0x000000c328900000,0x000000c328a00000) (1024K)]
  0x000001eacfe9f5c0 JavaThread "Bundle File Closer"         daemon [_thread_blocked, id=34960, stack(0x000000c328a00000,0x000000c328b00000) (1024K)]
  0x000001eb179f4340 JavaThread "SCR Component Actor"        daemon [_thread_blocked, id=40816, stack(0x000000c328b00000,0x000000c328c00000) (1024K)]
  0x000001eb179ef480 JavaThread "Worker-JM"                         [_thread_blocked, id=40020, stack(0x000000c326e00000,0x000000c326f00000) (1024K)]
  0x000001eb179f1be0 JavaThread "Worker-0"                          [_thread_blocked, id=30212, stack(0x000000c327000000,0x000000c327100000) (1024K)]
  0x000001eb179f3cb0 JavaThread "Worker-1"                          [_thread_blocked, id=38780, stack(0x000000c328d00000,0x000000c328e00000) (1024K)]
=>0x000001eb179efb10 JavaThread "Worker-2: Loading available Gradle versions"        [_thread_in_vm, id=41480, stack(0x000000c328e00000,0x000000c328f00000) (1024K)]
  0x000001eb179ee760 JavaThread "Worker-3: Initialize After Load"        [_thread_in_vm, id=38208, stack(0x000000c328f00000,0x000000c329000000) (1024K)]
  0x000001eb179f1550 JavaThread "Java indexing"              daemon [_thread_blocked, id=5936, stack(0x000000c329000000,0x000000c329100000) (1024K)]
  0x000001eb179eedf0 JavaThread "JNA Cleaner"                daemon [_thread_blocked, id=21620, stack(0x000000c328c00000,0x000000c328d00000) (1024K)]
  0x000001eb179f0830 JavaThread "Worker-4"                          [_thread_blocked, id=38216, stack(0x000000c329100000,0x000000c329200000) (1024K)]
  0x000001eb179f2900 JavaThread "Worker-5"                          [_thread_blocked, id=36036, stack(0x000000c329300000,0x000000c329400000) (1024K)]
  0x000001eb179f2f90 JavaThread "Thread-2"                   daemon [_thread_in_native, id=21280, stack(0x000000c329400000,0x000000c329500000) (1024K)]
  0x000001eb179f3620 JavaThread "Thread-3"                   daemon [_thread_in_native, id=40536, stack(0x000000c329500000,0x000000c329600000) (1024K)]
  0x000001eb179f01a0 JavaThread "Thread-4"                   daemon [_thread_in_native, id=40500, stack(0x000000c329600000,0x000000c329700000) (1024K)]
  0x000001eb179f0ec0 JavaThread "Thread-5"                   daemon [_thread_in_native, id=25388, stack(0x000000c329700000,0x000000c329800000) (1024K)]
  0x000001eb179f49d0 JavaThread "Thread-6"                   daemon [_thread_in_native, id=30680, stack(0x000000c329800000,0x000000c329900000) (1024K)]
  0x000001eb179eda40 JavaThread "Thread-7"                   daemon [_thread_in_native, id=36712, stack(0x000000c329900000,0x000000c329a00000) (1024K)]
  0x000001eb179f2270 JavaThread "Thread-8"                   daemon [_thread_in_native, id=40584, stack(0x000000c329a00000,0x000000c329b00000) (1024K)]
  0x000001eb179f5060 JavaThread "Thread-9"                   daemon [_thread_in_native, id=30628, stack(0x000000c329b00000,0x000000c329c00000) (1024K)]
  0x000001eb179ee0d0 JavaThread "Thread-10"                  daemon [_thread_in_native, id=38240, stack(0x000000c329c00000,0x000000c329d00000) (1024K)]
  0x000001eb19b48690 JavaThread "pool-2-thread-1"                   [_thread_blocked, id=2192, stack(0x000000c329d00000,0x000000c329e00000) (1024K)]
  0x000001eb19b4d550 JavaThread "WorkspaceEventsHandler"            [_thread_blocked, id=6796, stack(0x000000c329e00000,0x000000c329f00000) (1024K)]
  0x000001eb19b4a760 JavaThread "pool-1-thread-1"                   [_thread_blocked, id=31776, stack(0x000000c329f00000,0x000000c32a000000) (1024K)]
  0x000001eb17746b00 JavaThread "C2 CompilerThread1"         daemon [_thread_in_native, id=3128, stack(0x000000c32a000000,0x000000c32a100000) (1024K)]
Total: 39

Other Threads:
  0x000001eabbb83c50 VMThread "VM Thread"                           [id=11740, stack(0x000000c327400000,0x000000c327500000) (1024K)] _threads_hazard_ptr=0x000001eb1800e3d0
  0x000001eacfdaca00 WatcherThread "VM Periodic Task Thread"        [id=35060, stack(0x000000c327300000,0x000000c327400000) (1024K)]
  0x000001eabbb09370 WorkerThread "GC Thread#0"                     [id=37168, stack(0x000000c327200000,0x000000c327300000) (1024K)]
  0x000001eb175cc990 WorkerThread "GC Thread#1"                     [id=24484, stack(0x000000c327f00000,0x000000c328000000) (1024K)]
  0x000001eb172975d0 WorkerThread "GC Thread#2"                     [id=41140, stack(0x000000c328000000,0x000000c328100000) (1024K)]
  0x000001eb1721beb0 WorkerThread "GC Thread#3"                     [id=31360, stack(0x000000c328100000,0x000000c328200000) (1024K)]
  0x000001eb1721c250 WorkerThread "GC Thread#4"                     [id=40688, stack(0x000000c328200000,0x000000c328300000) (1024K)]
  0x000001eb1721c5f0 WorkerThread "GC Thread#5"                     [id=41172, stack(0x000000c328300000,0x000000c328400000) (1024K)]
  0x000001eb172999f0 WorkerThread "GC Thread#6"                     [id=41320, stack(0x000000c328400000,0x000000c328500000) (1024K)]
  0x000001eb17173b70 WorkerThread "GC Thread#7"                     [id=42856, stack(0x000000c328700000,0x000000c328800000) (1024K)]
Total: 10

Threads with active compile tasks:
C2 CompilerThread0  76793 5584       4       org.eclipse.osgi.internal.loader.BundleLoader::addExportedProvidersFor (167 bytes)
C2 CompilerThread1  76793 5727       4       org.eclipse.osgi.internal.serviceregistry.ServiceRegistry::notifyHooksPrivileged (57 bytes)
Total: 2

VM state: synchronizing (normal execution)

VM Mutex/Monitor currently owned by a thread:  ([mutex/lock_event])
[0x00007fffae10c308] Metaspace_lock - owner thread: 0x000001eb179efb10
[0x00007fffae10e308] Threads_lock - owner thread: 0x000001eabbb83c50

Heap address: 0x00000000c0000000, size: 1024 MB, Compressed Oops mode: 32-bit

CDS archive(s) mapped at: [0x000001ead0000000-0x000001ead0ba0000-0x000001ead0ba0000), size 12189696, SharedBaseAddress: 0x000001ead0000000, ArchiveRelocationMode: 1.
Compressed class space mapped at: 0x000001ead1000000-0x000001eb11000000, reserved size: 1073741824
Narrow klass base: 0x000001ead0000000, Narrow klass shift: 0, Narrow klass range: 0x100000000

GC Precious Log:
 CardTable entry size: 512
 CPUs: 8 total, 8 available
 Memory: 8025M
 Large Page Support: Disabled
 NUMA Support: Disabled
 Compressed Oops: Enabled (32-bit)
 Alignments: Space 512K, Generation 512K, Heap 2M
 Heap Min Capacity: 100M
 Heap Initial Capacity: 100M
 Heap Max Capacity: 1G
 Pre-touch: Disabled
 Parallel Workers: 8

Heap:
 PSYoungGen      total 23552K, used 22793K [0x00000000eab00000, 0x00000000ec700000, 0x0000000100000000)
  eden space 22016K, 98% used [0x00000000eab00000,0x00000000ec01a668,0x00000000ec080000)
  from space 1536K, 77% used [0x00000000ec580000,0x00000000ec6a8000,0x00000000ec700000)
  to   space 1536K, 0% used [0x00000000ec400000,0x00000000ec400000,0x00000000ec580000)
 ParOldGen       total 68608K, used 20771K [0x00000000c0000000, 0x00000000c4300000, 0x00000000eab00000)
  object space 68608K, 30% used [0x00000000c0000000,0x00000000c1448d58,0x00000000c4300000)
 Metaspace       used 45619K, committed 46656K, reserved 1114112K
  class space    used 4874K, committed 5312K, reserved 1048576K

Card table byte_map: [0x000001eabb490000,0x000001eabb6a0000] _byte_map_base: 0x000001eabae90000

Marking Bits: (ParMarkBitMap*) 0x00007fffae1131f0
 Begin Bits: [0x000001eacdcd0000, 0x000001eacecd0000)
 End Bits:   [0x000001eacecd0000, 0x000001eacfcd0000)

Polling page: 0x000001eab9ad0000

Metaspace:

Usage:
  Non-class:     39.79 MB used.
      Class:      4.76 MB used.
       Both:     44.55 MB used.

Virtual space:
  Non-class space:       64.00 MB reserved,      40.38 MB ( 63%) committed,  1 nodes.
      Class space:        1.00 GB reserved,       5.19 MB ( <1%) committed,  1 nodes.
             Both:        1.06 GB reserved,      45.56 MB (  4%) committed. 

Chunk freelists:
   Non-Class:  7.58 MB
       Class:  10.81 MB
        Both:  18.39 MB

MaxMetaspaceSize: unlimited
CompressedClassSpaceSize: 1.00 GB
Initial GC threshold: 21.00 MB
Current GC threshold: 58.38 MB
CDS: on
 - commit_granule_bytes: 65536.
 - commit_granule_words: 8192.
 - virtual_space_node_default_size: 8388608.
 - enlarge_chunks_in_place: 1.
 - use_allocation_guard: 0.


Internal statistics:

num_allocs_failed_limit: 6.
num_arena_births: 766.
num_arena_deaths: 24.
num_vsnodes_births: 2.
num_vsnodes_deaths: 0.
num_space_committed: 729.
num_space_uncommitted: 0.
num_chunks_returned_to_freelist: 31.
num_chunks_taken_from_freelist: 2698.
num_chunk_merges: 13.
num_chunk_splits: 1651.
num_chunks_enlarged: 924.
num_inconsistent_stats: 0.

CodeHeap 'non-profiled nmethods': size=120000Kb used=2080Kb max_used=2084Kb free=117920Kb
 bounds [0x000001eac67a0000, 0x000001eac6a10000, 0x000001eacdcd0000]
CodeHeap 'profiled nmethods': size=120000Kb used=10514Kb max_used=10514Kb free=109485Kb
 bounds [0x000001eabecd0000, 0x000001eabf720000, 0x000001eac6200000]
CodeHeap 'non-nmethods': size=5760Kb used=1378Kb max_used=1434Kb free=4381Kb
 bounds [0x000001eac6200000, 0x000001eac6470000, 0x000001eac67a0000]
 total_blobs=5964 nmethods=5287 adapters=583
 compilation: enabled
              stopped_count=0, restarted_count=0
 full_count=0

Compilation events (20 events):
Event: 76.191 Thread 0x000001eb12890110 5920   !   2       jdk.internal.misc.ScopedMemoryAccess::getCharUnalignedInternal (36 bytes)
Event: 76.192 Thread 0x000001eb12890110 nmethod 5920 0x000001eabf70eb10 code [0x000001eabf70ecc0, 0x000001eabf70ee78]
Event: 76.197 Thread 0x000001eb12890110 5925       2       com.google.inject.internal.Scoping$4::acceptVisitor (10 bytes)
Event: 76.197 Thread 0x000001eb12890110 nmethod 5925 0x000001eabf70ef90 code [0x000001eabf70f140, 0x000001eabf70f288]
Event: 76.197 Thread 0x000001eb12890110 5926       2       java.util.concurrent.ConcurrentHashMap::<init> (73 bytes)
Event: 76.199 Thread 0x000001eb12890110 nmethod 5926 0x000001eabf70f310 code [0x000001eabf70f500, 0x000001eabf70f7c0]
Event: 76.199 Thread 0x000001eb12890110 5927       3       com.google.common.cache.LocalCache$Segment::getEntry (73 bytes)
Event: 76.204 Thread 0x000001eb12890110 nmethod 5927 0x000001eabf70f910 code [0x000001eabf70fc20, 0x000001eabf710d68]
Event: 76.204 Thread 0x000001eb12890110 5929       3       com.google.common.cache.LocalCache$Segment::getFirst (21 bytes)
Event: 76.209 Thread 0x000001eb12890110 nmethod 5929 0x000001eabf711310 code [0x000001eabf711580, 0x000001eabf712070]
Event: 76.209 Thread 0x000001eb12890110 5931       2       java.io.File::getAbsoluteFile (38 bytes)
Event: 76.211 Thread 0x000001eb12890110 nmethod 5931 0x000001eabf712490 code [0x000001eabf712660, 0x000001eabf7128d0]
Event: 76.212 Thread 0x000001eb12890110 5930       1       com.google.inject.Key$AnnotationTypeStrategy::hasAttributes (2 bytes)
Event: 76.212 Thread 0x000001eb12890110 nmethod 5930 0x000001eac67ebd10 code [0x000001eac67ebea0, 0x000001eac67ebf68]
Event: 76.219 Thread 0x000001eb12890110 5932       3       java.nio.HeapByteBuffer::getInt (29 bytes)
Event: 76.221 Thread 0x000001eb12890110 nmethod 5932 0x000001eabf712a10 code [0x000001eabf712c60, 0x000001eabf713540]
Event: 76.228 Thread 0x000001eb12890110 5933 %     2       sun.security.provider.SHA2::implCompress0 @ 204 (448 bytes)
Event: 76.232 Thread 0x000001eb12890110 nmethod 5933% 0x000001eabf713990 code [0x000001eabf713ba0, 0x000001eabf714568]
Event: 76.233 Thread 0x000001eb12890110 5934       1       org.eclipse.core.internal.dtree.AbstractDataTree::isImmutable (5 bytes)
Event: 76.234 Thread 0x000001eb12890110 nmethod 5934 0x000001eac67eba10 code [0x000001eac67ebba0, 0x000001eac67ebc70]

GC Heap History (20 events):
Event: 66.574 GC heap before
{Heap before GC invocations=9 (full 1):
 PSYoungGen      total 30208K, used 24576K [0x00000000eab00000, 0x00000000ed300000, 0x0000000100000000)
  eden space 24576K, 100% used [0x00000000eab00000,0x00000000ec300000,0x00000000ec300000)
  from space 5632K, 0% used [0x00000000ec380000,0x00000000ec380000,0x00000000ec900000)
  to   space 8192K, 0% used [0x00000000ecb00000,0x00000000ecb00000,0x00000000ed300000)
 ParOldGen       total 68608K, used 14510K [0x00000000c0000000, 0x00000000c4300000, 0x00000000eab00000)
  object space 68608K, 21% used [0x00000000c0000000,0x00000000c0e2b8a0,0x00000000c4300000)
 Metaspace       used 23555K, committed 24384K, reserved 1114112K
  class space    used 2274K, committed 2624K, reserved 1048576K
}
Event: 66.579 GC heap after
{Heap after GC invocations=9 (full 1):
 PSYoungGen      total 25088K, used 763K [0x00000000eab00000, 0x00000000ecc00000, 0x0000000100000000)
  eden space 24064K, 0% used [0x00000000eab00000,0x00000000eab00000,0x00000000ec280000)
  from space 1024K, 74% used [0x00000000ecb00000,0x00000000ecbbec60,0x00000000ecc00000)
  to   space 3584K, 0% used [0x00000000ec500000,0x00000000ec500000,0x00000000ec880000)
 ParOldGen       total 68608K, used 14518K [0x00000000c0000000, 0x00000000c4300000, 0x00000000eab00000)
  object space 68608K, 21% used [0x00000000c0000000,0x00000000c0e2d8a0,0x00000000c4300000)
 Metaspace       used 23555K, committed 24384K, reserved 1114112K
  class space    used 2274K, committed 2624K, reserved 1048576K
}
Event: 67.399 GC heap before
{Heap before GC invocations=10 (full 1):
 PSYoungGen      total 25088K, used 24827K [0x00000000eab00000, 0x00000000ecc00000, 0x0000000100000000)
  eden space 24064K, 100% used [0x00000000eab00000,0x00000000ec280000,0x00000000ec280000)
  from space 1024K, 74% used [0x00000000ecb00000,0x00000000ecbbec60,0x00000000ecc00000)
  to   space 3584K, 0% used [0x00000000ec500000,0x00000000ec500000,0x00000000ec880000)
 ParOldGen       total 68608K, used 14518K [0x00000000c0000000, 0x00000000c4300000, 0x00000000eab00000)
  object space 68608K, 21% used [0x00000000c0000000,0x00000000c0e2d8a0,0x00000000c4300000)
 Metaspace       used 26584K, committed 27392K, reserved 1114112K
  class space    used 2585K, committed 2880K, reserved 1048576K
}
Event: 67.409 GC heap after
{Heap after GC invocations=10 (full 1):
 PSYoungGen      total 27136K, used 2547K [0x00000000eab00000, 0x00000000ecb80000, 0x0000000100000000)
  eden space 23552K, 0% used [0x00000000eab00000,0x00000000eab00000,0x00000000ec200000)
  from space 3584K, 71% used [0x00000000ec500000,0x00000000ec77cf00,0x00000000ec880000)
  to   space 3072K, 0% used [0x00000000ec880000,0x00000000ec880000,0x00000000ecb80000)
 ParOldGen       total 68608K, used 14526K [0x00000000c0000000, 0x00000000c4300000, 0x00000000eab00000)
  object space 68608K, 21% used [0x00000000c0000000,0x00000000c0e2f8a0,0x00000000c4300000)
 Metaspace       used 26584K, committed 27392K, reserved 1114112K
  class space    used 2585K, committed 2880K, reserved 1048576K
}
Event: 68.204 GC heap before
{Heap before GC invocations=11 (full 1):
 PSYoungGen      total 27136K, used 26099K [0x00000000eab00000, 0x00000000ecb80000, 0x0000000100000000)
  eden space 23552K, 100% used [0x00000000eab00000,0x00000000ec200000,0x00000000ec200000)
  from space 3584K, 71% used [0x00000000ec500000,0x00000000ec77cf00,0x00000000ec880000)
  to   space 3072K, 0% used [0x00000000ec880000,0x00000000ec880000,0x00000000ecb80000)
 ParOldGen       total 68608K, used 14526K [0x00000000c0000000, 0x00000000c4300000, 0x00000000eab00000)
  object space 68608K, 21% used [0x00000000c0000000,0x00000000c0e2f8a0,0x00000000c4300000)
 Metaspace       used 28100K, committed 28992K, reserved 1114112K
  class space    used 2777K, committed 3136K, reserved 1048576K
}
Event: 68.214 GC heap after
{Heap after GC invocations=11 (full 1):
 PSYoungGen      total 26112K, used 2948K [0x00000000eab00000, 0x00000000ecb80000, 0x0000000100000000)
  eden space 23040K, 0% used [0x00000000eab00000,0x00000000eab00000,0x00000000ec180000)
  from space 3072K, 95% used [0x00000000ec880000,0x00000000ecb61168,0x00000000ecb80000)
  to   space 3584K, 0% used [0x00000000ec480000,0x00000000ec480000,0x00000000ec800000)
 ParOldGen       total 68608K, used 15053K [0x00000000c0000000, 0x00000000c4300000, 0x00000000eab00000)
  object space 68608K, 21% used [0x00000000c0000000,0x00000000c0eb35c8,0x00000000c4300000)
 Metaspace       used 28100K, committed 28992K, reserved 1114112K
  class space    used 2777K, committed 3136K, reserved 1048576K
}
Event: 69.118 GC heap before
{Heap before GC invocations=12 (full 1):
 PSYoungGen      total 26112K, used 25988K [0x00000000eab00000, 0x00000000ecb80000, 0x0000000100000000)
  eden space 23040K, 100% used [0x00000000eab00000,0x00000000ec180000,0x00000000ec180000)
  from space 3072K, 95% used [0x00000000ec880000,0x00000000ecb61168,0x00000000ecb80000)
  to   space 3584K, 0% used [0x00000000ec480000,0x00000000ec480000,0x00000000ec800000)
 ParOldGen       total 68608K, used 15053K [0x00000000c0000000, 0x00000000c4300000, 0x00000000eab00000)
  object space 68608K, 21% used [0x00000000c0000000,0x00000000c0eb35c8,0x00000000c4300000)
 Metaspace       used 29920K, committed 30848K, reserved 1114112K
  class space    used 2961K, committed 3328K, reserved 1048576K
}
Event: 69.128 GC heap after
{Heap after GC invocations=12 (full 1):
 PSYoungGen      total 24064K, used 1113K [0x00000000eab00000, 0x00000000ec900000, 0x0000000100000000)
  eden space 22528K, 0% used [0x00000000eab00000,0x00000000eab00000,0x00000000ec100000)
  from space 1536K, 72% used [0x00000000ec480000,0x00000000ec5965b0,0x00000000ec600000)
  to   space 2048K, 0% used [0x00000000ec700000,0x00000000ec700000,0x00000000ec900000)
 ParOldGen       total 68608K, used 17304K [0x00000000c0000000, 0x00000000c4300000, 0x00000000eab00000)
  object space 68608K, 25% used [0x00000000c0000000,0x00000000c10e60d0,0x00000000c4300000)
 Metaspace       used 29920K, committed 30848K, reserved 1114112K
  class space    used 2961K, committed 3328K, reserved 1048576K
}
Event: 70.318 GC heap before
{Heap before GC invocations=13 (full 1):
 PSYoungGen      total 24064K, used 23641K [0x00000000eab00000, 0x00000000ec900000, 0x0000000100000000)
  eden space 22528K, 100% used [0x00000000eab00000,0x00000000ec100000,0x00000000ec100000)
  from space 1536K, 72% used [0x00000000ec480000,0x00000000ec5965b0,0x00000000ec600000)
  to   space 2048K, 0% used [0x00000000ec700000,0x00000000ec700000,0x00000000ec900000)
 ParOldGen       total 68608K, used 17304K [0x00000000c0000000, 0x00000000c4300000, 0x00000000eab00000)
  object space 68608K, 25% used [0x00000000c0000000,0x00000000c10e60d0,0x00000000c4300000)
 Metaspace       used 32938K, committed 33856K, reserved 1114112K
  class space    used 3311K, committed 3712K, reserved 1048576K
}
Event: 70.329 GC heap after
{Heap after GC invocations=13 (full 1):
 PSYoungGen      total 23040K, used 960K [0x00000000eab00000, 0x00000000ec800000, 0x0000000100000000)
  eden space 22016K, 0% used [0x00000000eab00000,0x00000000eab00000,0x00000000ec080000)
  from space 1024K, 93% used [0x00000000ec700000,0x00000000ec7f0000,0x00000000ec800000)
  to   space 1536K, 0% used [0x00000000ec500000,0x00000000ec500000,0x00000000ec680000)
 ParOldGen       total 68608K, used 18255K [0x00000000c0000000, 0x00000000c4300000, 0x00000000eab00000)
  object space 68608K, 26% used [0x00000000c0000000,0x00000000c11d3c38,0x00000000c4300000)
 Metaspace       used 32938K, committed 33856K, reserved 1114112K
  class space    used 3311K, committed 3712K, reserved 1048576K
}
Event: 71.284 GC heap before
{Heap before GC invocations=14 (full 1):
 PSYoungGen      total 23040K, used 16147K [0x00000000eab00000, 0x00000000ec800000, 0x0000000100000000)
  eden space 22016K, 68% used [0x00000000eab00000,0x00000000eb9d4fa8,0x00000000ec080000)
  from space 1024K, 93% used [0x00000000ec700000,0x00000000ec7f0000,0x00000000ec800000)
  to   space 1536K, 0% used [0x00000000ec500000,0x00000000ec500000,0x00000000ec680000)
 ParOldGen       total 68608K, used 18255K [0x00000000c0000000, 0x00000000c4300000, 0x00000000eab00000)
  object space 68608K, 26% used [0x00000000c0000000,0x00000000c11d3c38,0x00000000c4300000)
 Metaspace       used 34873K, committed 35840K, reserved 1114112K
  class space    used 3550K, committed 3968K, reserved 1048576K
}
Event: 71.292 GC heap after
{Heap after GC invocations=14 (full 1):
 PSYoungGen      total 23552K, used 945K [0x00000000eab00000, 0x00000000ec780000, 0x0000000100000000)
  eden space 22016K, 0% used [0x00000000eab00000,0x00000000eab00000,0x00000000ec080000)
  from space 1536K, 61% used [0x00000000ec500000,0x00000000ec5ec440,0x00000000ec680000)
  to   space 1024K, 0% used [0x00000000ec680000,0x00000000ec680000,0x00000000ec780000)
 ParOldGen       total 68608K, used 19078K [0x00000000c0000000, 0x00000000c4300000, 0x00000000eab00000)
  object space 68608K, 27% used [0x00000000c0000000,0x00000000c12a1870,0x00000000c4300000)
 Metaspace       used 34873K, committed 35840K, reserved 1114112K
  class space    used 3550K, committed 3968K, reserved 1048576K
}
Event: 71.292 GC heap before
{Heap before GC invocations=15 (full 2):
 PSYoungGen      total 23552K, used 945K [0x00000000eab00000, 0x00000000ec780000, 0x0000000100000000)
  eden space 22016K, 0% used [0x00000000eab00000,0x00000000eab00000,0x00000000ec080000)
  from space 1536K, 61% used [0x00000000ec500000,0x00000000ec5ec440,0x00000000ec680000)
  to   space 1024K, 0% used [0x00000000ec680000,0x00000000ec680000,0x00000000ec780000)
 ParOldGen       total 68608K, used 19078K [0x00000000c0000000, 0x00000000c4300000, 0x00000000eab00000)
  object space 68608K, 27% used [0x00000000c0000000,0x00000000c12a1870,0x00000000c4300000)
 Metaspace       used 34873K, committed 35840K, reserved 1114112K
  class space    used 3550K, committed 3968K, reserved 1048576K
}
Event: 71.458 GC heap after
{Heap after GC invocations=15 (full 2):
 PSYoungGen      total 23552K, used 0K [0x00000000eab00000, 0x00000000ec780000, 0x0000000100000000)
  eden space 22016K, 0% used [0x00000000eab00000,0x00000000eab00000,0x00000000ec080000)
  from space 1536K, 0% used [0x00000000ec500000,0x00000000ec500000,0x00000000ec680000)
  to   space 1024K, 0% used [0x00000000ec680000,0x00000000ec680000,0x00000000ec780000)
 ParOldGen       total 68608K, used 17493K [0x00000000c0000000, 0x00000000c4300000, 0x00000000eab00000)
  object space 68608K, 25% used [0x00000000c0000000,0x00000000c1115568,0x00000000c4300000)
 Metaspace       used 34864K, committed 35840K, reserved 1114112K
  class space    used 3548K, committed 3968K, reserved 1048576K
}
Event: 72.400 GC heap before
{Heap before GC invocations=16 (full 2):
 PSYoungGen      total 23552K, used 22016K [0x00000000eab00000, 0x00000000ec780000, 0x0000000100000000)
  eden space 22016K, 100% used [0x00000000eab00000,0x00000000ec080000,0x00000000ec080000)
  from space 1536K, 0% used [0x00000000ec500000,0x00000000ec500000,0x00000000ec680000)
  to   space 1024K, 0% used [0x00000000ec680000,0x00000000ec680000,0x00000000ec780000)
 ParOldGen       total 68608K, used 17493K [0x00000000c0000000, 0x00000000c4300000, 0x00000000eab00000)
  object space 68608K, 25% used [0x00000000c0000000,0x00000000c1115568,0x00000000c4300000)
 Metaspace       used 37894K, committed 38976K, reserved 1114112K
  class space    used 3902K, committed 4352K, reserved 1048576K
}
Event: 72.407 GC heap after
{Heap after GC invocations=16 (full 2):
 PSYoungGen      total 23040K, used 992K [0x00000000eab00000, 0x00000000ec780000, 0x0000000100000000)
  eden space 22016K, 0% used [0x00000000eab00000,0x00000000eab00000,0x00000000ec080000)
  from space 1024K, 96% used [0x00000000ec680000,0x00000000ec7781d0,0x00000000ec780000)
  to   space 2048K, 0% used [0x00000000ec380000,0x00000000ec380000,0x00000000ec580000)
 ParOldGen       total 68608K, used 18130K [0x00000000c0000000, 0x00000000c4300000, 0x00000000eab00000)
  object space 68608K, 26% used [0x00000000c0000000,0x00000000c11b48e8,0x00000000c4300000)
 Metaspace       used 37894K, committed 38976K, reserved 1114112K
  class space    used 3902K, committed 4352K, reserved 1048576K
}
Event: 73.097 GC heap before
{Heap before GC invocations=17 (full 2):
 PSYoungGen      total 23040K, used 23008K [0x00000000eab00000, 0x00000000ec780000, 0x0000000100000000)
  eden space 22016K, 100% used [0x00000000eab00000,0x00000000ec080000,0x00000000ec080000)
  from space 1024K, 96% used [0x00000000ec680000,0x00000000ec7781d0,0x00000000ec780000)
  to   space 2048K, 0% used [0x00000000ec380000,0x00000000ec380000,0x00000000ec580000)
 ParOldGen       total 68608K, used 18130K [0x00000000c0000000, 0x00000000c4300000, 0x00000000eab00000)
  object space 68608K, 26% used [0x00000000c0000000,0x00000000c11b48e8,0x00000000c4300000)
 Metaspace       used 40063K, committed 41152K, reserved 1114112K
  class space    used 4167K, committed 4608K, reserved 1048576K
}
Event: 73.104 GC heap after
{Heap after GC invocations=17 (full 2):
 PSYoungGen      total 24064K, used 1792K [0x00000000eab00000, 0x00000000ec700000, 0x0000000100000000)
  eden space 22016K, 0% used [0x00000000eab00000,0x00000000eab00000,0x00000000ec080000)
  from space 2048K, 87% used [0x00000000ec380000,0x00000000ec540000,0x00000000ec580000)
  to   space 1536K, 0% used [0x00000000ec580000,0x00000000ec580000,0x00000000ec700000)
 ParOldGen       total 68608K, used 19099K [0x00000000c0000000, 0x00000000c4300000, 0x00000000eab00000)
  object space 68608K, 27% used [0x00000000c0000000,0x00000000c12a6d58,0x00000000c4300000)
 Metaspace       used 40063K, committed 41152K, reserved 1114112K
  class space    used 4167K, committed 4608K, reserved 1048576K
}
Event: 74.388 GC heap before
{Heap before GC invocations=18 (full 2):
 PSYoungGen      total 24064K, used 23807K [0x00000000eab00000, 0x00000000ec700000, 0x0000000100000000)
  eden space 22016K, 99% used [0x00000000eab00000,0x00000000ec07fef8,0x00000000ec080000)
  from space 2048K, 87% used [0x00000000ec380000,0x00000000ec540000,0x00000000ec580000)
  to   space 1536K, 0% used [0x00000000ec580000,0x00000000ec580000,0x00000000ec700000)
 ParOldGen       total 68608K, used 19099K [0x00000000c0000000, 0x00000000c4300000, 0x00000000eab00000)
  object space 68608K, 27% used [0x00000000c0000000,0x00000000c12a6d58,0x00000000c4300000)
 Metaspace       used 43250K, committed 44416K, reserved 1114112K
  class space    used 4570K, committed 5056K, reserved 1048576K
}
Event: 74.399 GC heap after
{Heap after GC invocations=18 (full 2):
 PSYoungGen      total 23552K, used 1184K [0x00000000eab00000, 0x00000000ec700000, 0x0000000100000000)
  eden space 22016K, 0% used [0x00000000eab00000,0x00000000eab00000,0x00000000ec080000)
  from space 1536K, 77% used [0x00000000ec580000,0x00000000ec6a8000,0x00000000ec700000)
  to   space 1536K, 0% used [0x00000000ec400000,0x00000000ec400000,0x00000000ec580000)
 ParOldGen       total 68608K, used 20771K [0x00000000c0000000, 0x00000000c4300000, 0x00000000eab00000)
  object space 68608K, 30% used [0x00000000c0000000,0x00000000c1448d58,0x00000000c4300000)
 Metaspace       used 43250K, committed 44416K, reserved 1114112K
  class space    used 4570K, committed 5056K, reserved 1048576K
}

Dll operation events (14 events):
Event: 3.830 Loaded shared library c:\Users\Home\.vscode\extensions\redhat.java-1.42.0-win32-x64\jre\21.0.7-win32-x86_64\bin\java.dll
Event: 5.601 Loaded shared library c:\Users\Home\.vscode\extensions\redhat.java-1.42.0-win32-x64\jre\21.0.7-win32-x86_64\bin\zip.dll
Event: 5.830 Loaded shared library C:\Users\Home\.vscode\extensions\redhat.java-1.42.0-win32-x64\jre\21.0.7-win32-x86_64\bin\instrument.dll
Event: 5.942 Loaded shared library C:\Users\Home\.vscode\extensions\redhat.java-1.42.0-win32-x64\jre\21.0.7-win32-x86_64\bin\net.dll
Event: 5.968 Loaded shared library C:\Users\Home\.vscode\extensions\redhat.java-1.42.0-win32-x64\jre\21.0.7-win32-x86_64\bin\nio.dll
Event: 6.025 Loaded shared library C:\Users\Home\.vscode\extensions\redhat.java-1.42.0-win32-x64\jre\21.0.7-win32-x86_64\bin\zip.dll
Event: 6.320 Loaded shared library C:\Users\Home\.vscode\extensions\redhat.java-1.42.0-win32-x64\jre\21.0.7-win32-x86_64\bin\jimage.dll
Event: 7.221 Loaded shared library c:\Users\Home\.vscode\extensions\redhat.java-1.42.0-win32-x64\jre\21.0.7-win32-x86_64\bin\verify.dll
Event: 27.722 Loaded shared library C:\Users\Home\AppData\Roaming\Code\User\globalStorage\redhat.java\1.42.0\config_win\org.eclipse.equinox.launcher\org.eclipse.equinox.launcher.win32.win32.x86_64_1.2.1300.v20250331-1702\eclipse_11911.dll
Event: 62.884 Loaded shared library C:\Users\Home\.vscode\extensions\redhat.java-1.42.0-win32-x64\jre\21.0.7-win32-x86_64\bin\management.dll
Event: 62.915 Loaded shared library C:\Users\Home\.vscode\extensions\redhat.java-1.42.0-win32-x64\jre\21.0.7-win32-x86_64\bin\management_ext.dll
Event: 70.672 Loaded shared library C:\Users\Home\AppData\Local\Temp\jna-2255103\jna4189324228849816268.dll
Event: 71.660 Loaded shared library C:\Users\Home\.vscode\extensions\redhat.java-1.42.0-win32-x64\jre\21.0.7-win32-x86_64\bin\sunmscapi.dll
Event: 75.178 Loaded shared library C:\Users\Home\.vscode\extensions\redhat.java-1.42.0-win32-x64\jre\21.0.7-win32-x86_64\bin\extnet.dll

Deoptimization events (20 events):
Event: 76.161 Thread 0x000001eb179f1be0 Uncommon trap: trap_request=0xffffff45 fr.pc=0x000001eac68aa054 relative=0x00000000000002f4
Event: 76.161 Thread 0x000001eb179f1be0 Uncommon trap: reason=unstable_if action=reinterpret pc=0x000001eac68aa054 method=java.lang.invoke.VarHandle.accessModeType(I)Ljava/lang/invoke/MethodType; @ 6 c2
Event: 76.161 Thread 0x000001eb179f1be0 DEOPT PACKING pc=0x000001eac68aa054 sp=0x000000c3270fef80
Event: 76.161 Thread 0x000001eb179f1be0 DEOPT UNPACKING pc=0x000001eac6253aa2 sp=0x000000c3270fee38 mode 2
Event: 76.226 Thread 0x000001eb179efb10 Uncommon trap: trap_request=0xffffffde fr.pc=0x000001eac695b1f8 relative=0x00000000000005f8
Event: 76.226 Thread 0x000001eb179efb10 Uncommon trap: reason=class_check action=maybe_recompile pc=0x000001eac695b1f8 method=java.lang.AbstractStringBuilder.<init>(Ljava/lang/String;)V @ 58 c2
Event: 76.226 Thread 0x000001eb179efb10 DEOPT PACKING pc=0x000001eac695b1f8 sp=0x000000c328efe3f0
Event: 76.226 Thread 0x000001eb179efb10 DEOPT UNPACKING pc=0x000001eac6253aa2 sp=0x000000c328efe3d0 mode 2
Event: 76.226 Thread 0x000001eb179efb10 Uncommon trap: trap_request=0xffffffde fr.pc=0x000001eac695b1f8 relative=0x00000000000005f8
Event: 76.226 Thread 0x000001eb179efb10 Uncommon trap: reason=class_check action=maybe_recompile pc=0x000001eac695b1f8 method=java.lang.AbstractStringBuilder.<init>(Ljava/lang/String;)V @ 58 c2
Event: 76.226 Thread 0x000001eb179efb10 DEOPT PACKING pc=0x000001eac695b1f8 sp=0x000000c328efe3f0
Event: 76.226 Thread 0x000001eb179efb10 DEOPT UNPACKING pc=0x000001eac6253aa2 sp=0x000000c328efe3d0 mode 2
Event: 76.226 Thread 0x000001eb179efb10 Uncommon trap: trap_request=0xffffffde fr.pc=0x000001eac695b1f8 relative=0x00000000000005f8
Event: 76.226 Thread 0x000001eb179efb10 Uncommon trap: reason=class_check action=maybe_recompile pc=0x000001eac695b1f8 method=java.lang.AbstractStringBuilder.<init>(Ljava/lang/String;)V @ 58 c2
Event: 76.226 Thread 0x000001eb179efb10 DEOPT PACKING pc=0x000001eac695b1f8 sp=0x000000c328efe3f0
Event: 76.226 Thread 0x000001eb179efb10 DEOPT UNPACKING pc=0x000001eac6253aa2 sp=0x000000c328efe3d0 mode 2
Event: 76.247 Thread 0x000001eb179efb10 Uncommon trap: trap_request=0xffffffde fr.pc=0x000001eac695b1f8 relative=0x00000000000005f8
Event: 76.247 Thread 0x000001eb179efb10 Uncommon trap: reason=class_check action=maybe_recompile pc=0x000001eac695b1f8 method=java.lang.AbstractStringBuilder.<init>(Ljava/lang/String;)V @ 58 c2
Event: 76.247 Thread 0x000001eb179efb10 DEOPT PACKING pc=0x000001eac695b1f8 sp=0x000000c328efe880
Event: 76.247 Thread 0x000001eb179efb10 DEOPT UNPACKING pc=0x000001eac6253aa2 sp=0x000000c328efe860 mode 2

Classes loaded (20 events):
Event: 76.232 Loading class java/net/Socket$SocketOutputStream done
Event: 76.232 Loading class sun/nio/ch/NioSocketImpl$2
Event: 76.233 Loading class sun/nio/ch/NioSocketImpl$2 done
Event: 76.234 Loading class java/net/StandardSocketOptions
Event: 76.235 Loading class java/net/StandardSocketOptions done
Event: 76.235 Loading class java/net/StandardSocketOptions$StdSocketOption
Event: 76.235 Loading class java/net/StandardSocketOptions$StdSocketOption done
Event: 76.236 Loading class sun/nio/ch/SocketOptionRegistry
Event: 76.237 Loading class sun/nio/ch/SocketOptionRegistry done
Event: 76.237 Loading class sun/nio/ch/SocketOptionRegistry$RegistryKey
Event: 76.238 Loading class sun/nio/ch/SocketOptionRegistry$RegistryKey done
Event: 76.238 Loading class sun/nio/ch/SocketOptionRegistry$LazyInitialization
Event: 76.238 Loading class sun/nio/ch/SocketOptionRegistry$LazyInitialization done
Event: 76.238 Loading class sun/nio/ch/OptionKey
Event: 76.239 Loading class sun/nio/ch/OptionKey done
Event: 76.239 Loading class sun/nio/ch/ExtendedSocketOption
Event: 76.246 Loading class sun/nio/ch/ExtendedSocketOption done
Event: 76.246 Loading class sun/nio/ch/ExtendedSocketOption$1
Event: 76.246 Loading class sun/nio/ch/ExtendedSocketOption$1 done
Event: 76.248 Loading class javax/net/ssl/SSLParameters

Classes unloaded (12 events):
Event: 65.754 Thread 0x000001eabbb83c50 Unloading class 0x000001ead11a4c00 'java/lang/invoke/LambdaForm$MH+0x000001ead11a4c00'
Event: 65.754 Thread 0x000001eabbb83c50 Unloading class 0x000001ead11a4800 'java/lang/invoke/LambdaForm$MH+0x000001ead11a4800'
Event: 65.754 Thread 0x000001eabbb83c50 Unloading class 0x000001ead11a4400 'java/lang/invoke/LambdaForm$MH+0x000001ead11a4400'
Event: 65.754 Thread 0x000001eabbb83c50 Unloading class 0x000001ead11a4000 'java/lang/invoke/LambdaForm$MH+0x000001ead11a4000'
Event: 65.754 Thread 0x000001eabbb83c50 Unloading class 0x000001ead11a3c00 'java/lang/invoke/LambdaForm$BMH+0x000001ead11a3c00'
Event: 65.754 Thread 0x000001eabbb83c50 Unloading class 0x000001ead11a3800 'java/lang/invoke/LambdaForm$DMH+0x000001ead11a3800'
Event: 65.754 Thread 0x000001eabbb83c50 Unloading class 0x000001ead11a2400 'java/lang/invoke/LambdaForm$DMH+0x000001ead11a2400'
Event: 71.320 Thread 0x000001eabbb83c50 Unloading class 0x000001ead12a8800 'java/lang/invoke/LambdaForm$MH+0x000001ead12a8800'
Event: 71.320 Thread 0x000001eabbb83c50 Unloading class 0x000001ead12a3c00 'java/lang/invoke/LambdaForm$MH+0x000001ead12a3c00'
Event: 71.320 Thread 0x000001eabbb83c50 Unloading class 0x000001ead12a3400 'java/lang/invoke/LambdaForm$MH+0x000001ead12a3400'
Event: 71.320 Thread 0x000001eabbb83c50 Unloading class 0x000001ead12a3000 'java/lang/invoke/LambdaForm$DMH+0x000001ead12a3000'
Event: 71.320 Thread 0x000001eabbb83c50 Unloading class 0x000001ead12a2000 'java/lang/invoke/LambdaForm$MH+0x000001ead12a2000'

Classes redefined (0 events):
No events

Internal exceptions (20 events):
Event: 71.109 Thread 0x000001eacfe9ef30 Exception <a 'java/lang/NoSuchMethodError'{0x00000000eb6cab28}: 'void java.lang.invoke.DelegatingMethodHandle$Holder.reinvoke_L(java.lang.Object, java.lang.Object, int)'> (0x00000000eb6cab28) 
thrown [s\src\hotspot\share\interpreter\linkResolver.cpp, line 773]
Event: 71.112 Thread 0x000001eacfe9ef30 Exception <a 'java/lang/NoSuchMethodError'{0x00000000eb6d14c0}: 'int java.lang.invoke.Invokers$Holder.invokeExact_MT(java.lang.Object, java.lang.Object, java.lang.Object)'> (0x00000000eb6d14c0) 
thrown [s\src\hotspot\share\interpreter\linkResolver.cpp, line 773]
Event: 71.121 Thread 0x000001eacfe9ef30 Exception <a 'java/lang/UnsatisfiedLinkError'{0x00000000eb6dfa58}: The specified procedure could not be found.
> (0x00000000eb6dfa58) 
thrown [s\src\hotspot\share\prims\jni.cpp, line 539]
Event: 71.171 Thread 0x000001eacfe9ef30 Exception <a 'java/lang/NoSuchMethodError'{0x00000000eb6ec560}: 'void java.lang.invoke.Invokers$Holder.invokeExact_MT(java.lang.Object, java.lang.Object, int, java.lang.Object)'> (0x00000000eb6ec560) 
thrown [s\src\hotspot\share\interpreter\linkResolver.cpp, line 773]
Event: 71.693 Thread 0x000001eab97192a0 Exception <a 'java/io/FileNotFoundException'{0x00000000eb2b07c8}> (0x00000000eb2b07c8) 
thrown [s\src\hotspot\share\prims\jni.cpp, line 520]
Event: 71.970 Thread 0x000001eb179efb10 Exception <a 'sun/nio/fs/WindowsException'{0x00000000eb8b1df0}> (0x00000000eb8b1df0) 
thrown [s\src\hotspot\share\prims\jni.cpp, line 520]
Event: 72.042 Thread 0x000001eab97192a0 Exception <a 'java/lang/NoSuchMethodError'{0x00000000eb958490}: 'java.lang.Object java.lang.invoke.DirectMethodHandle$Holder.invokeStatic(java.lang.Object, long, java.lang.Object)'> (0x00000000eb958490) 
thrown [s\src\hotspot\share\interpreter\linkResolver.cpp, line 773]
Event: 72.044 Thread 0x000001eab97192a0 Exception <a 'java/lang/NoSuchMethodError'{0x00000000eb95c440}: 'java.lang.Object java.lang.invoke.DirectMethodHandle$Holder.invokeStaticInit(java.lang.Object, long, java.lang.Object)'> (0x00000000eb95c440) 
thrown [s\src\hotspot\share\interpreter\linkResolver.cpp, line 773]
Event: 72.046 Thread 0x000001eab97192a0 Exception <a 'java/lang/NoSuchMethodError'{0x00000000eb9626a0}: 'java.lang.Object java.lang.invoke.DirectMethodHandle$Holder.newInvokeSpecial(java.lang.Object, long)'> (0x00000000eb9626a0) 
thrown [s\src\hotspot\share\interpreter\linkResolver.cpp, line 773]
Event: 72.500 Thread 0x000001eb179efb10 Implicit null exception at 0x000001eac699f7a0 to 0x000001eac69a0348
Event: 73.012 Thread 0x000001eb179f3cb0 Exception <a 'java/lang/NoSuchMethodError'{0x00000000ebd84ed8}: 'void java.lang.invoke.DirectMethodHandle$Holder.invokeStaticInit(java.lang.Object, java.lang.Object, java.lang.Object)'> (0x00000000ebd84ed8) 
thrown [s\src\hotspot\share\interpreter\linkResolver.cpp, line 773]
Event: 73.044 Thread 0x000001eb179f3cb0 Exception <a 'java/lang/ExceptionInInitializerError'{0x00000000ebe394c8}> (0x00000000ebe394c8) 
thrown [s\src\hotspot\share\oops\instanceKlass.cpp, line 1220]
Event: 73.218 Thread 0x000001eb179f3cb0 Implicit null exception at 0x000001eac6919100 to 0x000001eac6919374
Event: 73.218 Thread 0x000001eb179f3cb0 Implicit null exception at 0x000001eac68563c0 to 0x000001eac6857358
Event: 73.229 Thread 0x000001eb179f3cb0 Exception <a 'java/lang/NoSuchMethodError'{0x00000000eafc4298}: 'java.lang.Object java.lang.invoke.Invokers$Holder.invokeExact_MT(java.lang.Object, int, java.lang.Object)'> (0x00000000eafc4298) 
thrown [s\src\hotspot\share\interpreter\linkResolver.cpp, line 773]
Event: 73.491 Thread 0x000001eab97192a0 Exception <a 'java/lang/NoSuchMethodError'{0x00000000eb7e0398}: 'void java.lang.invoke.DirectMethodHandle$Holder.invokeSpecial(java.lang.Object, java.lang.Object, java.lang.Object, java.lang.Object, java.lang.Object, java.lang.Object)'> (0x00000000eb7e0398) 
thrown [s\src\hotspot\share\interpreter\linkResolver.cpp, line 773]
Event: 73.499 Thread 0x000001eab97192a0 Exception <a 'java/lang/IncompatibleClassChangeError'{0x00000000eb7e7bc8}: Found class java.lang.Object, but interface was expected> (0x00000000eb7e7bc8) 
thrown [s\src\hotspot\share\interpreter\linkResolver.cpp, line 840]
Event: 73.501 Thread 0x000001eab97192a0 Exception <a 'java/lang/IncompatibleClassChangeError'{0x00000000eb7e9950}: Found class java.lang.Object, but interface was expected> (0x00000000eb7e9950) 
thrown [s\src\hotspot\share\interpreter\linkResolver.cpp, line 840]
Event: 75.215 Thread 0x000001eb179f3cb0 Exception <a 'java/lang/NoClassDefFoundError'{0x00000000eb3753d8}: com/google/inject/servlet/ServletModuleTargetVisitor> (0x00000000eb3753d8) 
thrown [s\src\hotspot\share\classfile\systemDictionary.cpp, line 301]
Event: 76.161 Thread 0x000001eb179f1be0 Implicit null exception at 0x000001eac68a9da8 to 0x000001eac68aa01c

ZGC Phase Switch (0 events):
No events

VM Operations (20 events):
Event: 71.701 Executing VM operation: HandshakeAllThreads (Deoptimize)
Event: 71.714 Executing VM operation: HandshakeAllThreads (Deoptimize) done
Event: 72.386 Executing VM operation: ParallelGCFailedAllocation (Allocation Failure)
Event: 72.407 Executing VM operation: ParallelGCFailedAllocation (Allocation Failure) done
Event: 72.515 Executing VM operation: HandshakeAllThreads (Deoptimize)
Event: 72.516 Executing VM operation: HandshakeAllThreads (Deoptimize) done
Event: 72.783 Executing VM operation: HandshakeAllThreads (Deoptimize)
Event: 72.783 Executing VM operation: HandshakeAllThreads (Deoptimize) done
Event: 73.097 Executing VM operation: ParallelGCFailedAllocation (Allocation Failure)
Event: 73.104 Executing VM operation: ParallelGCFailedAllocation (Allocation Failure) done
Event: 73.270 Executing VM operation: HandshakeAllThreads (Deoptimize)
Event: 73.271 Executing VM operation: HandshakeAllThreads (Deoptimize) done
Event: 73.404 Executing VM operation: HandshakeAllThreads (Deoptimize)
Event: 73.405 Executing VM operation: HandshakeAllThreads (Deoptimize) done
Event: 73.461 Executing VM operation: HandshakeAllThreads (Deoptimize)
Event: 73.461 Executing VM operation: HandshakeAllThreads (Deoptimize) done
Event: 74.387 Executing VM operation: ParallelGCFailedAllocation (Allocation Failure)
Event: 74.399 Executing VM operation: ParallelGCFailedAllocation (Allocation Failure) done
Event: 75.721 Executing VM operation: ICBufferFull
Event: 75.721 Executing VM operation: ICBufferFull done

Memory protections (0 events):
No events

Nmethod flushes (20 events):
Event: 71.374 Thread 0x000001eabbb83c50 flushing  nmethod 0x000001eabf2e5010
Event: 71.374 Thread 0x000001eabbb83c50 flushing  nmethod 0x000001eabf2e7910
Event: 71.374 Thread 0x000001eabbb83c50 flushing  nmethod 0x000001eabf2fa710
Event: 71.374 Thread 0x000001eabbb83c50 flushing  nmethod 0x000001eabf300d90
Event: 71.374 Thread 0x000001eabbb83c50 flushing  nmethod 0x000001eabf35fe90
Event: 71.374 Thread 0x000001eabbb83c50 flushing  nmethod 0x000001eabf374190
Event: 71.374 Thread 0x000001eabbb83c50 flushing  nmethod 0x000001eabf377910
Event: 71.374 Thread 0x000001eabbb83c50 flushing  nmethod 0x000001eabf38ff90
Event: 71.374 Thread 0x000001eabbb83c50 flushing  nmethod 0x000001eabf390b90
Event: 71.374 Thread 0x000001eabbb83c50 flushing  nmethod 0x000001eabf391490
Event: 71.374 Thread 0x000001eabbb83c50 flushing  nmethod 0x000001eabf392e90
Event: 71.374 Thread 0x000001eabbb83c50 flushing  nmethod 0x000001eabf394b90
Event: 71.374 Thread 0x000001eabbb83c50 flushing  nmethod 0x000001eabf395490
Event: 71.374 Thread 0x000001eabbb83c50 flushing  nmethod 0x000001eabf395910
Event: 71.374 Thread 0x000001eabbb83c50 flushing  nmethod 0x000001eabf398310
Event: 71.374 Thread 0x000001eabbb83c50 flushing  nmethod 0x000001eabf399090
Event: 71.374 Thread 0x000001eabbb83c50 flushing  nmethod 0x000001eabf3e0d10
Event: 71.374 Thread 0x000001eabbb83c50 flushing  nmethod 0x000001eabf42bb90
Event: 71.374 Thread 0x000001eabbb83c50 flushing  nmethod 0x000001eabf462590
Event: 71.374 Thread 0x000001eabbb83c50 flushing  nmethod 0x000001eabf499210

Events (20 events):
Event: 66.443 Thread 0x000001eb179f1be0 Thread added: 0x000001eb179efb10
Event: 66.570 Thread 0x000001eb179efb10 Thread added: 0x000001eb179ee760
Event: 68.623 Thread 0x000001eacfe9ef30 Thread added: 0x000001eb179f1550
Event: 70.398 Thread 0x000001eb179f0ec0 Thread exited: 0x000001eb179f0ec0
Event: 70.850 Thread 0x000001eacfe9ef30 Thread added: 0x000001eb179eedf0
Event: 71.503 Thread 0x000001eb179efb10 Thread added: 0x000001eb179f0830
Event: 71.788 Thread 0x000001eb179f0830 Thread added: 0x000001eb179f2900
Event: 72.089 Thread 0x000001eab97192a0 Thread added: 0x000001eb179f2f90
Event: 72.091 Thread 0x000001eab97192a0 Thread added: 0x000001eb179f3620
Event: 72.092 Thread 0x000001eab97192a0 Thread added: 0x000001eb179f01a0
Event: 72.093 Thread 0x000001eab97192a0 Thread added: 0x000001eb179f0ec0
Event: 72.093 Thread 0x000001eab97192a0 Thread added: 0x000001eb179f49d0
Event: 72.094 Thread 0x000001eab97192a0 Thread added: 0x000001eb179eda40
Event: 72.094 Thread 0x000001eab97192a0 Thread added: 0x000001eb179f2270
Event: 72.095 Thread 0x000001eab97192a0 Thread added: 0x000001eb179f5060
Event: 72.095 Thread 0x000001eab97192a0 Thread added: 0x000001eb179ee0d0
Event: 72.308 Thread 0x000001eab97192a0 Thread added: 0x000001eb19b48690
Event: 73.620 Thread 0x000001eab97192a0 Thread added: 0x000001eb19b4d550
Event: 73.621 Thread 0x000001eab97192a0 Thread added: 0x000001eb19b4a760
Event: 74.185 Thread 0x000001eb12890110 Thread added: 0x000001eb17746b00


Dynamic libraries:
0x00007ff65d610000 - 0x00007ff65d61e000 	c:\Users\Home\.vscode\extensions\redhat.java-1.42.0-win32-x64\jre\21.0.7-win32-x86_64\bin\java.exe
0x00007ff845fd0000 - 0x00007ff8461e7000 	C:\WINDOWS\SYSTEM32\ntdll.dll
0x00007ff820a70000 - 0x00007ff820a8b000 	C:\Program Files\Avast Software\Avast\aswhook.dll
0x00007ff844480000 - 0x00007ff844544000 	C:\WINDOWS\System32\KERNEL32.DLL
0x00007ff843730000 - 0x00007ff843b02000 	C:\WINDOWS\System32\KERNELBASE.dll
0x00007ff843b10000 - 0x00007ff843c21000 	C:\WINDOWS\System32\ucrtbase.dll
0x00007ff82ef90000 - 0x00007ff82efa8000 	c:\Users\Home\.vscode\extensions\redhat.java-1.42.0-win32-x64\jre\21.0.7-win32-x86_64\bin\jli.dll
0x00007ff844d50000 - 0x00007ff844f01000 	C:\WINDOWS\System32\USER32.dll
0x00007ff8435d0000 - 0x00007ff8435f6000 	C:\WINDOWS\System32\win32u.dll
0x00007ff8450a0000 - 0x00007ff8450c9000 	C:\WINDOWS\System32\GDI32.dll
0x00007ff843600000 - 0x00007ff843723000 	C:\WINDOWS\System32\gdi32full.dll
0x00007ff843300000 - 0x00007ff84339a000 	C:\WINDOWS\System32\msvcp_win.dll
0x00007ff82fe60000 - 0x00007ff8300fb000 	C:\WINDOWS\WinSxS\amd64_microsoft.windows.common-controls_6595b64144ccf1df_6.0.22621.5413_none_270da5617387a498\COMCTL32.dll
0x00007ff843c70000 - 0x00007ff843d17000 	C:\WINDOWS\System32\msvcrt.dll
0x00007ff82ede0000 - 0x00007ff82edfe000 	c:\Users\Home\.vscode\extensions\redhat.java-1.42.0-win32-x64\jre\21.0.7-win32-x86_64\bin\VCRUNTIME140.dll
0x00007ff844550000 - 0x00007ff844581000 	C:\WINDOWS\System32\IMM32.DLL
0x00007ff83dcb0000 - 0x00007ff83dcbc000 	c:\Users\Home\.vscode\extensions\redhat.java-1.42.0-win32-x64\jre\21.0.7-win32-x86_64\bin\vcruntime140_1.dll
0x00007ff801370000 - 0x00007ff8013fd000 	c:\Users\Home\.vscode\extensions\redhat.java-1.42.0-win32-x64\jre\21.0.7-win32-x86_64\bin\msvcp140.dll
0x00007fffad460000 - 0x00007fffae1f0000 	c:\Users\Home\.vscode\extensions\redhat.java-1.42.0-win32-x64\jre\21.0.7-win32-x86_64\bin\server\jvm.dll
0x00007ff844fe0000 - 0x00007ff845091000 	C:\WINDOWS\System32\ADVAPI32.dll
0x00007ff844f30000 - 0x00007ff844fd8000 	C:\WINDOWS\System32\sechost.dll
0x00007ff843c30000 - 0x00007ff843c58000 	C:\WINDOWS\System32\bcrypt.dll
0x00007ff8447f0000 - 0x00007ff844904000 	C:\WINDOWS\System32\RPCRT4.dll
0x00007ff844910000 - 0x00007ff844981000 	C:\WINDOWS\System32\WS2_32.dll
0x00007ff8388e0000 - 0x00007ff8388ea000 	C:\WINDOWS\SYSTEM32\VERSION.dll
0x00007ff842f90000 - 0x00007ff842fdd000 	C:\WINDOWS\SYSTEM32\POWRPROF.dll
0x00007ff83b710000 - 0x00007ff83b744000 	C:\WINDOWS\SYSTEM32\WINMM.dll
0x00007ff842f70000 - 0x00007ff842f83000 	C:\WINDOWS\SYSTEM32\UMPDC.dll
0x00007ff8420b0000 - 0x00007ff8420c8000 	C:\WINDOWS\SYSTEM32\kernel.appcore.dll
0x00007ff83c100000 - 0x00007ff83c10a000 	c:\Users\Home\.vscode\extensions\redhat.java-1.42.0-win32-x64\jre\21.0.7-win32-x86_64\bin\jimage.dll
0x00007ff840c80000 - 0x00007ff840eb2000 	C:\WINDOWS\SYSTEM32\DBGHELP.DLL
0x00007ff8449b0000 - 0x00007ff844d43000 	C:\WINDOWS\System32\combase.dll
0x00007ff8450d0000 - 0x00007ff8451a7000 	C:\WINDOWS\System32\OLEAUT32.dll
0x00007ff834030000 - 0x00007ff834062000 	C:\WINDOWS\SYSTEM32\dbgcore.DLL
0x00007ff8430c0000 - 0x00007ff84313b000 	C:\WINDOWS\System32\bcryptPrimitives.dll
0x00007ff834190000 - 0x00007ff83419f000 	c:\Users\Home\.vscode\extensions\redhat.java-1.42.0-win32-x64\jre\21.0.7-win32-x86_64\bin\instrument.dll
0x00007ff82cda0000 - 0x00007ff82cdbf000 	c:\Users\Home\.vscode\extensions\redhat.java-1.42.0-win32-x64\jre\21.0.7-win32-x86_64\bin\java.dll
0x00007ff845260000 - 0x00007ff845b02000 	C:\WINDOWS\System32\SHELL32.dll
0x00007ff843140000 - 0x00007ff84327f000 	C:\WINDOWS\System32\wintypes.dll
0x00007ff840fa0000 - 0x00007ff8418bd000 	C:\WINDOWS\SYSTEM32\windows.storage.dll
0x00007ff845e80000 - 0x00007ff845f8b000 	C:\WINDOWS\System32\SHCORE.dll
0x00007ff844770000 - 0x00007ff8447d9000 	C:\WINDOWS\System32\shlwapi.dll
0x00007ff842ff0000 - 0x00007ff84301b000 	C:\WINDOWS\SYSTEM32\profapi.dll
0x00007ff82c880000 - 0x00007ff82c898000 	c:\Users\Home\.vscode\extensions\redhat.java-1.42.0-win32-x64\jre\21.0.7-win32-x86_64\bin\zip.dll
0x00007ff8301e0000 - 0x00007ff8301f0000 	C:\Users\Home\.vscode\extensions\redhat.java-1.42.0-win32-x64\jre\21.0.7-win32-x86_64\bin\net.dll
0x00007ff838110000 - 0x00007ff83823c000 	C:\WINDOWS\SYSTEM32\WINHTTP.dll
0x00007ff842530000 - 0x00007ff842599000 	C:\WINDOWS\system32\mswsock.dll
0x00007ff82c5c0000 - 0x00007ff82c5d6000 	C:\Users\Home\.vscode\extensions\redhat.java-1.42.0-win32-x64\jre\21.0.7-win32-x86_64\bin\nio.dll
0x00007ff82f2e0000 - 0x00007ff82f2f0000 	c:\Users\Home\.vscode\extensions\redhat.java-1.42.0-win32-x64\jre\21.0.7-win32-x86_64\bin\verify.dll
0x00007ff81c210000 - 0x00007ff81c255000 	C:\Users\Home\AppData\Roaming\Code\User\globalStorage\redhat.java\1.42.0\config_win\org.eclipse.equinox.launcher\org.eclipse.equinox.launcher.win32.win32.x86_64_1.2.1300.v20250331-1702\eclipse_11911.dll
0x00007ff845ce0000 - 0x00007ff845e80000 	C:\WINDOWS\System32\ole32.dll
0x00007ff83d680000 - 0x00007ff83d68a000 	C:\Users\Home\.vscode\extensions\redhat.java-1.42.0-win32-x64\jre\21.0.7-win32-x86_64\bin\management.dll
0x00007ff82eff0000 - 0x00007ff82effb000 	C:\Users\Home\.vscode\extensions\redhat.java-1.42.0-win32-x64\jre\21.0.7-win32-x86_64\bin\management_ext.dll
0x00007ff843d70000 - 0x00007ff843d78000 	C:\WINDOWS\System32\PSAPI.DLL
0x00007ff8427b0000 - 0x00007ff8427cb000 	C:\WINDOWS\SYSTEM32\CRYPTSP.dll
0x00007ff842010000 - 0x00007ff842047000 	C:\WINDOWS\system32\rsaenh.dll
0x00007ff842600000 - 0x00007ff842628000 	C:\WINDOWS\SYSTEM32\USERENV.dll
0x00007ff8427a0000 - 0x00007ff8427ac000 	C:\WINDOWS\SYSTEM32\CRYPTBASE.dll
0x00007ff841b20000 - 0x00007ff841b4d000 	C:\WINDOWS\SYSTEM32\IPHLPAPI.DLL
0x00007ff8447e0000 - 0x00007ff8447e9000 	C:\WINDOWS\System32\NSI.dll
0x00007ff81c1c0000 - 0x00007ff81c209000 	C:\Users\Home\AppData\Local\Temp\jna-2255103\jna4189324228849816268.dll
0x00007ff8389b0000 - 0x00007ff8389c9000 	C:\WINDOWS\SYSTEM32\dhcpcsvc6.DLL
0x00007ff838990000 - 0x00007ff8389af000 	C:\WINDOWS\SYSTEM32\dhcpcsvc.DLL
0x00007ff82ef80000 - 0x00007ff82ef8e000 	C:\Users\Home\.vscode\extensions\redhat.java-1.42.0-win32-x64\jre\21.0.7-win32-x86_64\bin\sunmscapi.dll
0x00007ff843460000 - 0x00007ff8435c7000 	C:\WINDOWS\System32\CRYPT32.dll
0x00007ff842980000 - 0x00007ff8429ad000 	C:\WINDOWS\SYSTEM32\ncrypt.dll
0x00007ff842940000 - 0x00007ff842977000 	C:\WINDOWS\SYSTEM32\NTASN1.dll
0x00007ff841b90000 - 0x00007ff841c88000 	C:\WINDOWS\SYSTEM32\DNSAPI.dll
0x000000005ffb0000 - 0x000000005ffbb000 	C:\Program Files\National Instruments\Shared\mDNS Responder\nimdnsNSP.dll
0x000000005ff90000 - 0x000000005ffa1000 	C:\WINDOWS\SYSTEM32\nimdnsResponder.dll
0x00007ff837c60000 - 0x00007ff837c6a000 	C:\Windows\System32\rasadhlp.dll
0x00007ff833d00000 - 0x00007ff833d84000 	C:\WINDOWS\System32\fwpuclnt.dll
0x00007ff82d1d0000 - 0x00007ff82d1d9000 	C:\Users\Home\.vscode\extensions\redhat.java-1.42.0-win32-x64\jre\21.0.7-win32-x86_64\bin\extnet.dll

dbghelp: loaded successfully - version: 4.0.5 - missing functions: none
symbol engine: initialized successfully - sym options: 0x614 - pdb path: .;c:\Users\Home\.vscode\extensions\redhat.java-1.42.0-win32-x64\jre\21.0.7-win32-x86_64\bin;C:\WINDOWS\SYSTEM32;C:\Program Files\Avast Software\Avast;C:\WINDOWS\WinSxS\amd64_microsoft.windows.common-controls_6595b64144ccf1df_6.0.22621.5413_none_270da5617387a498;c:\Users\Home\.vscode\extensions\redhat.java-1.42.0-win32-x64\jre\21.0.7-win32-x86_64\bin\server;C:\Users\Home\AppData\Roaming\Code\User\globalStorage\redhat.java\1.42.0\config_win\org.eclipse.equinox.launcher\org.eclipse.equinox.launcher.win32.win32.x86_64_1.2.1300.v20250331-1702;C:\Users\Home\AppData\Local\Temp\jna-2255103;C:\Program Files\National Instruments\Shared\mDNS Responder

VM Arguments:
jvm_args: --add-modules=ALL-SYSTEM --add-opens=java.base/java.util=ALL-UNNAMED --add-opens=java.base/java.lang=ALL-UNNAMED --add-opens=java.base/sun.nio.fs=ALL-UNNAMED -Declipse.application=org.eclipse.jdt.ls.core.id1 -Dosgi.bundles.defaultStartLevel=4 -Declipse.product=org.eclipse.jdt.ls.core.product -Djava.import.generatesMetadataFilesAtProjectRoot=false -DDetectVMInstallationsJob.disabled=true -Dfile.encoding=utf8 -XX:+UseParallelGC -XX:GCTimeRatio=4 -XX:AdaptiveSizePolicyWeight=90 -Dsun.zip.disableMemoryMapping=true -Xmx1G -Xms100m -Xlog:disable -javaagent:c:\Users\Home\.vscode\extensions\redhat.java-1.42.0-win32-x64\lombok\lombok-1.18.36.jar -XX:+HeapDumpOnOutOfMemoryError -XX:HeapDumpPath=c:\Users\Home\AppData\Roaming\Code\User\workspaceStorage\341557dce31444f231fca8e247616c67\redhat.java -Daether.dependencyCollector.impl=bf 
java_command: c:\Users\Home\.vscode\extensions\redhat.java-1.42.0-win32-x64\server\plugins\org.eclipse.equinox.launcher_1.7.0.v20250424-1814.jar -configuration c:\Users\Home\AppData\Roaming\Code\User\globalStorage\redhat.java\1.42.0\config_win -data c:\Users\Home\AppData\Roaming\Code\User\workspaceStorage\341557dce31444f231fca8e247616c67\redhat.java\jdt_ws --pipe=\\.\pipe\lsp-8097c87e6ff6af97b205ca716dcf5a6c-sock
java_class_path (initial): c:\Users\Home\.vscode\extensions\redhat.java-1.42.0-win32-x64\server\plugins\org.eclipse.equinox.launcher_1.7.0.v20250424-1814.jar
Launcher Type: SUN_STANDARD

[Global flags]
    uintx AdaptiveSizePolicyWeight                 = 90                                        {product} {command line}
     intx CICompilerCount                          = 4                                         {product} {ergonomic}
    uintx GCTimeRatio                              = 4                                         {product} {command line}
     bool HeapDumpOnOutOfMemoryError               = true                                   {manageable} {command line}
    ccstr HeapDumpPath                             = c:\Users\Home\AppData\Roaming\Code\User\workspaceStorage\341557dce31444f231fca8e247616c67\redhat.java         {manageable} {command line}
   size_t InitialHeapSize                          = 104857600                                 {product} {command line}
   size_t MaxHeapSize                              = 1073741824                                {product} {command line}
   size_t MaxNewSize                               = 357564416                                 {product} {ergonomic}
   size_t MinHeapDeltaBytes                        = 524288                                    {product} {ergonomic}
   size_t MinHeapSize                              = 104857600                                 {product} {command line}
   size_t NewSize                                  = 34603008                                  {product} {ergonomic}
    uintx NonNMethodCodeHeapSize                   = 5839372                                {pd product} {ergonomic}
    uintx NonProfiledCodeHeapSize                  = 122909434                              {pd product} {ergonomic}
   size_t OldSize                                  = 70254592                                  {product} {ergonomic}
    uintx ProfiledCodeHeapSize                     = 122909434                              {pd product} {ergonomic}
    uintx ReservedCodeCacheSize                    = 251658240                              {pd product} {ergonomic}
     bool SegmentedCodeCache                       = true                                      {product} {ergonomic}
   size_t SoftMaxHeapSize                          = 1073741824                             {manageable} {ergonomic}
     bool UseCompressedOops                        = true                           {product lp64_product} {ergonomic}
     bool UseLargePagesIndividualAllocation        = false                                  {pd product} {ergonomic}
     bool UseParallelGC                            = true                                      {product} {command line}

Logging:
Log output configuration:
 #0: stdout all=off uptime,level,tags foldmultilines=false
 #1: stderr all=off uptime,level,tags foldmultilines=false

Environment Variables:
PATH=C:\Program Files\Common Files\Oracle\Java\javapath;C:\Program Files (x86)\Intel\iCLS Client\;C:\Program Files\Intel\iCLS Client\;C:\Windows\system32;C:\Windows;C:\Windows\System32\Wbem;C:\Windows\System32\WindowsPowerShell\v1.0\;C:\Program Files (x86)\Intel\Intel(R) Management Engine Components\DAL;C:\Program Files\Intel\Intel(R) Management Engine Components\DAL;C:\Program Files (x86)\Intel\Intel(R) Management Engine Components\IPT;C:\Program Files\Intel\Intel(R) Management Engine Components\IPT;C:\WINDOWS\system32;C:\WINDOWS;C:\WINDOWS\System32\Wbem;C:\WINDOWS\System32\WindowsPowerShell\v1.0\;C:\WINDOWS\System32\OpenSSH\;C:\Program Files\dotnet\;C:\Program Files\nodejs\;C:\MinGW\bin;C:\Users\Home\AppData\Local\Programs\Python\Launcher\;C:\Users\Home\AppData\Local\Microsoft\WindowsApps;C:\Users\Home\AppData\Local\Programs\Microsoft VS Code\bin;C:\Users\Home\AppData\Roaming\npm;C:\Users\Home\AppData\Local\GitHubDesktop\bin;C:\Users\Home\AppData\Local\Programs\Git\cmd;G:\MikTex Latex\miktex\bin\x64\
USERNAME=Home
OS=Windows_NT
PROCESSOR_IDENTIFIER=Intel64 Family 6 Model 142 Stepping 10, GenuineIntel
TMP=C:\Users\Home\AppData\Local\Temp
TEMP=C:\Users\Home\AppData\Local\Temp




Periodic native trim disabled

---------------  S Y S T E M  ---------------

OS:
 Windows 11 , 64 bit Build 22621 (10.0.22621.5413)
OS uptime: 15 days 15:42 hours
Hyper-V role detected

CPU: total 8 (initial active 8) (4 cores per cpu, 2 threads per core) family 6 model 142 stepping 10 microcode 0xe0, cx8, cmov, fxsr, ht, mmx, 3dnowpref, sse, sse2, sse3, ssse3, sse4.1, sse4.2, popcnt, lzcnt, tsc, tscinvbit, avx, avx2, aes, erms, clmul, bmi1, bmi2, adx, fma, vzeroupper, clflush, clflushopt, hv, rdtscp, f16c
Processor Information for the first 8 processors :
  Max Mhz: 1801, Current Mhz: 900, Mhz Limit: 1801

Memory: 4k page, system-wide physical 8025M (444M free)
TotalPageFile size 18493M (AvailPageFile size 0M)
current process WorkingSet (physical memory assigned to process): 205M, peak: 205M
current process commit charge ("private bytes"): 291M, peak: 292M

vm_info: OpenJDK 64-Bit Server VM (21.0.7+6-LTS) for windows-amd64 JRE (21.0.7+6-LTS), built on 2025-04-15T00:00:00Z by "admin" with MS VC++ 17.7 (VS2022)

END.
